<?xml version="1.0" encoding="UTF-8"?>
<testsuite xmlns:xsi="http://www.w3.org/2001/XMLSchema-instance" xsi:noNamespaceSchemaLocation="https://maven.apache.org/surefire/maven-surefire-plugin/xsd/surefire-test-report-3.0.xsd" version="3.0" name="applicationrunner.Tests" time="14.367" tests="1" errors="0" skipped="0" failures="0">
  <properties>
[...]
</properties>
  <testcase name="runScenario[&quot;Launch Pixel Pals&quot;, &quot;Pixel Pals Landing Page&quot;](1)" classname="applicationrunner.Tests" time="12.829">
    <system-out><![CDATA[2024-04-01 14:18:20.315 [main] DEBUG org.testng.internal.Graph#debug(line:82) - [Graph] ADDING NODE AbstractTestNGCucumberTests.setUpClass(org.testng.ITestContext)[pri:0, instance:null] -393284817
2024-04-01 14:18:20.324 [main] DEBUG org.testng.internal.Graph#debug(line:82) - [Graph] ================ SORTING
2024-04-01 14:18:20.328 [main] DEBUG org.testng.internal.Graph#debug(line:82) - [Graph] =============== DONE SORTING
2024-04-01 14:18:20.329 [main] DEBUG org.testng.internal.Graph#debug(line:82) - [Graph] ====== SORTED NODES
2024-04-01 14:18:20.329 [main] DEBUG org.testng.internal.Graph#debug(line:82) - [Graph] ====== END SORTED NODES
2024-04-01 14:18:20.330 [main] DEBUG org.testng.internal.Graph#debug(line:82) - [Graph] ADDING NODE AbstractTestNGCucumberTests.tearDownClass()[pri:0, instance:null] 1523153566
2024-04-01 14:18:20.331 [main] DEBUG org.testng.internal.Graph#debug(line:82) - [Graph] ================ SORTING
2024-04-01 14:18:20.331 [main] DEBUG org.testng.internal.Graph#debug(line:82) - [Graph] =============== DONE SORTING
2024-04-01 14:18:20.332 [main] DEBUG org.testng.internal.Graph#debug(line:82) - [Graph] ====== SORTED NODES
2024-04-01 14:18:20.332 [main] DEBUG org.testng.internal.Graph#debug(line:82) - [Graph] ====== END SORTED NODES
2024-04-01 14:18:20.342 [main] DEBUG org.testng.internal.Graph#debug(line:82) - [Graph] ADDING NODE AbstractTestNGCucumberTests.runScenario(io.cucumber.testng.PickleWrapper,io.cucumber.testng.FeatureWrapper)[pri:0, instance:applicationrunner.Tests@37d4349f] -213705360
2024-04-01 14:18:20.343 [main] DEBUG org.testng.internal.Graph#debug(line:82) - [Graph] ================ SORTING
2024-04-01 14:18:20.343 [main] DEBUG org.testng.internal.Graph#debug(line:82) - [Graph] =============== DONE SORTING
2024-04-01 14:18:20.343 [main] DEBUG org.testng.internal.Graph#debug(line:82) - [Graph] ====== SORTED NODES
2024-04-01 14:18:20.344 [main] DEBUG org.testng.internal.Graph#debug(line:82) - [Graph] ====== END SORTED NODES
2024-04-01 14:18:21.049 [main] DEBUG stepdefinitions.Hooks#beforeAll(line:48) - before all tests
2024-04-01 14:18:21.050 [main] DEBUG utils.SystemUtils#getSystemProperty(line:26) - getting system property of = dataproviderthreadcount
2024-04-01 14:18:21.051 [main] DEBUG utils.SystemUtils#getSystemProperty(line:29) - system property null! will get default value!
2024-04-01 14:18:21.051 [main] DEBUG utils.SystemUtils#getConfig(line:80) - getting config of = dataproviderthreadcount.default
2024-04-01 14:18:21.052 [main] DEBUG utils.SystemUtils#getConfig(line:82) - value = 3
2024-04-01 14:18:21.052 [main] DEBUG utils.SystemUtils#getSystemProperty(line:32) - property = 3
2024-04-01 14:18:21.053 [main] DEBUG utils.SystemUtils#setSystemProperty(line:48) - setting system property of key = dataproviderthreadcount to value = 3
2024-04-01 14:18:21.318 [TestNG-PoolService-0] DEBUG stepdefinitions.Hooks#beforeScenario(line:40) - starting scenario = Launch Pixel Pals
2024-04-01 14:18:21.320 [TestNG-PoolService-0] DEBUG utils.LoggerUtils#setScenarioName(line:13) - setting scenario name for logger
2024-04-01 14:18:21.320 [TestNG-PoolService-0] DEBUG dto.MainDto#setScenario(line:37) - setting scenario = Launch Pixel Pals
2024-04-01 14:18:21.325 [TestNG-PoolService-0] DEBUG utils.SystemUtils#getConfig(line:80) - getting config of = take.screenshot.before.step
2024-04-01 14:18:21.326 [TestNG-PoolService-0] DEBUG utils.SystemUtils#getConfig(line:82) - value = null
2024-04-01 14:18:21.326 [TestNG-PoolService-0] DEBUG utils.SystemUtils#getSystemProperty(line:26) - getting system property of = test.env
2024-04-01 14:18:21.327 [TestNG-PoolService-0] DEBUG utils.SystemUtils#getSystemProperty(line:29) - system property null! will get default value!
2024-04-01 14:18:21.327 [TestNG-PoolService-0] DEBUG utils.SystemUtils#getConfig(line:80) - getting config of = test.env.default
2024-04-01 14:18:21.327 [TestNG-PoolService-0] DEBUG utils.SystemUtils#getConfig(line:82) - value = prod
2024-04-01 14:18:21.328 [TestNG-PoolService-0] DEBUG utils.SystemUtils#getSystemProperty(line:32) - property = prod
2024-04-01 14:18:21.328 [TestNG-PoolService-0] DEBUG dto.MainDto#setTestEnv(line:47) - setting test env = prod
2024-04-01 14:18:21.329 [TestNG-PoolService-0] DEBUG utils.SystemUtils#getConfig(line:80) - getting config of = take.screenshot.after.step
2024-04-01 14:18:21.329 [TestNG-PoolService-0] DEBUG utils.SystemUtils#getConfig(line:82) - value = null
2024-04-01 14:18:21.331 [TestNG-PoolService-0] DEBUG utils.SystemUtils#getConfig(line:80) - getting config of = take.screenshot.before.step
2024-04-01 14:18:21.331 [TestNG-PoolService-0] DEBUG utils.SystemUtils#getConfig(line:82) - value = null
2024-04-01 14:18:21.342 [TestNG-PoolService-0] DEBUG utils.SystemUtils#getConfig(line:80) - getting config of = explicit.wait.limit
2024-04-01 14:18:21.343 [TestNG-PoolService-0] DEBUG utils.SystemUtils#getConfig(line:82) - value = 30
2024-04-01 14:18:21.344 [TestNG-PoolService-0] DEBUG utils.SystemUtils#getConfig(line:80) - getting config of = ajax.wait.limit
2024-04-01 14:18:21.345 [TestNG-PoolService-0] DEBUG utils.SystemUtils#getConfig(line:82) - value = 10
2024-04-01 14:18:21.345 [TestNG-PoolService-0] DEBUG utils.SystemUtils#getConfig(line:80) - getting config of = explicit.wait.limit
2024-04-01 14:18:21.346 [TestNG-PoolService-0] DEBUG utils.SystemUtils#getConfig(line:82) - value = 30
2024-04-01 14:18:21.346 [TestNG-PoolService-0] DEBUG utils.DriverUtils#initializePage(line:108) - [Initializing Page]Using time from explicit.wait.limit: 30
2024-04-01 14:18:21.347 [TestNG-PoolService-0] DEBUG dto.MainDto#getDriver(line:94) - getting driver = null
2024-04-01 14:18:21.347 [TestNG-PoolService-0] DEBUG dto.MainDto#setApp(line:88) - setting app
2024-04-01 14:18:21.348 [TestNG-PoolService-0] DEBUG dto.MainDto#setApp(line:90) - setting app = PIXEL_PALS
2024-04-01 14:18:21.349 [TestNG-PoolService-0] DEBUG drivers.DriverBase#setDriver(line:58) - setting driver type..
2024-04-01 14:18:21.349 [TestNG-PoolService-0] DEBUG utils.SystemUtils#getSystemProperty(line:26) - getting system property of = driver.type
2024-04-01 14:18:21.349 [TestNG-PoolService-0] DEBUG utils.SystemUtils#getSystemProperty(line:29) - system property null! will get default value!
2024-04-01 14:18:21.349 [TestNG-PoolService-0] DEBUG utils.SystemUtils#getConfig(line:80) - getting config of = driver.type.default
2024-04-01 14:18:21.350 [TestNG-PoolService-0] DEBUG utils.SystemUtils#getConfig(line:82) - value = EdgeWindowsDesktop
2024-04-01 14:18:21.350 [TestNG-PoolService-0] DEBUG utils.SystemUtils#getSystemProperty(line:32) - property = EdgeWindowsDesktop
2024-04-01 14:18:21.350 [TestNG-PoolService-0] DEBUG dto.MainDto#setDriverType(line:79) - setting driver type = EdgeWindowsDesktop
2024-04-01 14:18:21.350 [TestNG-PoolService-0] DEBUG drivers.DriverBase#setDriver(line:61) - driver.type = EdgeWindowsDesktop
2024-04-01 14:18:21.351 [TestNG-PoolService-0] DEBUG drivers.DriverBase#setDriverType(line:29) - setting up driver..
2024-04-01 14:18:21.352 [TestNG-PoolService-0] DEBUG drivers.MyEdgeWindowsDesktopDriver#<init>(line:25) - creating new windows edge browser
2024-04-01 14:18:21.368 [TestNG-PoolService-0] DEBUG drivers.MyEdgeWindowsDesktopDriver#edgeOptions(line:43) - setting edge options
2024-04-01 14:18:21.378 [TestNG-PoolService-0] DEBUG utils.SystemUtils#getConfig(line:80) - getting config of = is.headless
2024-04-01 14:18:21.379 [TestNG-PoolService-0] DEBUG utils.SystemUtils#getConfig(line:82) - value = false
2024-04-01 14:18:24.929 [TestNG-PoolService-0] DEBUG dto.MainDto#setDriver(line:99) - setting driver = EdgeDriver: MicrosoftEdge on windows (4c2c717cb68787056d5c382b5169a509)
2024-04-01 14:18:25.065 [TestNG-PoolService-0] DEBUG utils.SystemUtils#getConfig(line:80) - getting config of = network.logs.capture
2024-04-01 14:18:25.065 [TestNG-PoolService-0] DEBUG utils.SystemUtils#getConfig(line:82) - value = false
2024-04-01 14:18:25.066 [TestNG-PoolService-0] DEBUG dto.MainDto#getEnvURL(line:58) - getting envURl
2024-04-01 14:18:25.066 [TestNG-PoolService-0] DEBUG dto.MainDto#getEnvURL(line:59) - testEnv = 
2024-04-01 14:18:25.067 [TestNG-PoolService-0] DEBUG dto.MainDto#getEnvURL(line:66) - envURL = https://app.pixelpals.ai/
2024-04-01 14:18:25.067 [TestNG-PoolService-0] DEBUG utils.DriverUtils#getURL(line:44) - launching url = https://app.pixelpals.ai/
2024-04-01 14:18:25.068 [TestNG-PoolService-0] DEBUG dto.MainDto#getDriver(line:94) - getting driver = EdgeDriver: MicrosoftEdge on windows (4c2c717cb68787056d5c382b5169a509)
2024-04-01 14:18:25.320 [TestNG-PoolService-0] DEBUG utils.SystemUtils#getConfig(line:80) - getting config of = maximize.browser
2024-04-01 14:18:25.322 [TestNG-PoolService-0] DEBUG utils.SystemUtils#getConfig(line:82) - value = true
2024-04-01 14:18:25.323 [TestNG-PoolService-0] DEBUG utils.DriverUtils#maximizeBrowser(line:66) - maximizing browser!
2024-04-01 14:18:25.323 [TestNG-PoolService-0] DEBUG dto.MainDto#getDriver(line:94) - getting driver = EdgeDriver: MicrosoftEdge on windows (4c2c717cb68787056d5c382b5169a509)
2024-04-01 14:18:26.277 [TestNG-PoolService-0] DEBUG utils.SystemUtils#getConfig(line:80) - getting config of = take.screenshot.after.step
2024-04-01 14:18:26.278 [TestNG-PoolService-0] DEBUG utils.SystemUtils#getConfig(line:82) - value = null
2024-04-01 14:18:26.280 [TestNG-PoolService-0] DEBUG utils.SystemUtils#getConfig(line:80) - getting config of = take.screenshot.before.step
2024-04-01 14:18:26.280 [TestNG-PoolService-0] DEBUG utils.SystemUtils#getConfig(line:82) - value = null
2024-04-01 14:18:26.282 [TestNG-PoolService-0] DEBUG utils.SystemUtils#getConfig(line:80) - getting config of = explicit.wait.limit
2024-04-01 14:18:26.283 [TestNG-PoolService-0] DEBUG utils.SystemUtils#getConfig(line:82) - value = 30
2024-04-01 14:18:26.284 [TestNG-PoolService-0] DEBUG utils.SystemUtils#getConfig(line:80) - getting config of = customize.sleep.time
2024-04-01 14:18:26.286 [TestNG-PoolService-0] DEBUG utils.SystemUtils#getConfig(line:82) - value = 500
2024-04-01 14:18:26.286 [TestNG-PoolService-0] DEBUG utils.SystemUtils#getConfig(line:80) - getting config of = customize.poll.time
2024-04-01 14:18:26.287 [TestNG-PoolService-0] DEBUG utils.SystemUtils#getConfig(line:82) - value = 2
2024-04-01 14:18:26.288 [TestNG-PoolService-0] DEBUG utils.SystemUtils#getConfig(line:80) - getting config of = customize.fluent.wait.time
2024-04-01 14:18:26.289 [TestNG-PoolService-0] DEBUG utils.SystemUtils#getConfig(line:82) - value = 30
2024-04-01 14:18:26.289 [TestNG-PoolService-0] DEBUG utils.WaitUtils#waitUntilElementIsDisplayed(line:126) - Waiting for By:By.id: react-unity-webgl-canvas-1 to be displayed
2024-04-01 14:18:26.290 [TestNG-PoolService-0] DEBUG utils.WaitUtils#setWebDriverWait(line:33) - Clock: SystemClock[Asia/Singapore]
2024-04-01 14:18:26.291 [TestNG-PoolService-0] DEBUG utils.WaitUtils#setWebDriverWait(line:34) - Sleeper: org.openqa.selenium.support.ui.Sleeper$$Lambda$853/0x000001cd47379560@6cc082e4
2024-04-01 14:18:26.292 [TestNG-PoolService-0] DEBUG utils.WaitUtils#setWebDriverWait(line:35) - Timeout in seconds: 30
2024-04-01 14:18:26.292 [TestNG-PoolService-0] DEBUG utils.WaitUtils#setWebDriverWait(line:36) - Sleep in milliseconds: 500
2024-04-01 14:18:26.294 [TestNG-PoolService-0] DEBUG dto.MainDto#getDriver(line:94) - getting driver = EdgeDriver: MicrosoftEdge on windows (4c2c717cb68787056d5c382b5169a509)
2024-04-01 14:18:33.618 [TestNG-PoolService-0] DEBUG utils.AssertionUtils#assertIsDisplayed(line:181) - asserting if element by = By.id: react-unity-webgl-canvas-1 is displayed
2024-04-01 14:18:33.620 [TestNG-PoolService-0] DEBUG utils.SystemUtils#getConfig(line:80) - getting config of = explicit.wait.limit
2024-04-01 14:18:33.621 [TestNG-PoolService-0] DEBUG utils.SystemUtils#getConfig(line:82) - value = 30
2024-04-01 14:18:33.621 [TestNG-PoolService-0] DEBUG utils.SystemUtils#getConfig(line:80) - getting config of = scroll.limit
2024-04-01 14:18:33.621 [TestNG-PoolService-0] DEBUG utils.SystemUtils#getConfig(line:82) - value = 30
2024-04-01 14:18:33.622 [TestNG-PoolService-0] DEBUG utils.SystemUtils#getConfig(line:80) - getting config of = customize.sleep.time
2024-04-01 14:18:33.628 [TestNG-PoolService-0] DEBUG utils.SystemUtils#getConfig(line:82) - value = 500
2024-04-01 14:18:33.628 [TestNG-PoolService-0] DEBUG utils.ElementUtils#findByElement(line:451) - finding by element by = By.id: react-unity-webgl-canvas-1
2024-04-01 14:18:33.629 [TestNG-PoolService-0] DEBUG utils.WaitUtils#waitUntilElementIsDisplayed(line:126) - Waiting for By:By.id: react-unity-webgl-canvas-1 to be displayed
2024-04-01 14:18:33.629 [TestNG-PoolService-0] DEBUG utils.WaitUtils#setWebDriverWait(line:33) - Clock: SystemClock[Asia/Singapore]
2024-04-01 14:18:33.629 [TestNG-PoolService-0] DEBUG utils.WaitUtils#setWebDriverWait(line:34) - Sleeper: org.openqa.selenium.support.ui.Sleeper$$Lambda$853/0x000001cd47379560@6cc082e4
2024-04-01 14:18:33.630 [TestNG-PoolService-0] DEBUG utils.WaitUtils#setWebDriverWait(line:35) - Timeout in seconds: 30
2024-04-01 14:18:33.630 [TestNG-PoolService-0] DEBUG utils.WaitUtils#setWebDriverWait(line:36) - Sleep in milliseconds: 500
2024-04-01 14:18:33.630 [TestNG-PoolService-0] DEBUG dto.MainDto#getDriver(line:94) - getting driver = EdgeDriver: MicrosoftEdge on windows (4c2c717cb68787056d5c382b5169a509)
2024-04-01 14:18:33.656 [TestNG-PoolService-0] DEBUG utils.ElementUtils#isElementDisplayed(line:33) - Checking if WebElement: [[EdgeDriver: MicrosoftEdge on windows (4c2c717cb68787056d5c382b5169a509)] -> id: react-unity-webgl-canvas-1] is displayed
2024-04-01 14:18:33.657 [TestNG-PoolService-0] DEBUG dto.MainDto#getDriver(line:94) - getting driver = EdgeDriver: MicrosoftEdge on windows (4c2c717cb68787056d5c382b5169a509)
2024-04-01 14:18:33.687 [TestNG-PoolService-0] DEBUG utils.ElementUtils#isElementDisplayed(line:41) - element is displayed? = true
2024-04-01 14:18:33.688 [TestNG-PoolService-0] DEBUG utils.AssertionUtils#assertIsDisplayed(line:184) - element = [[EdgeDriver: MicrosoftEdge on windows (4c2c717cb68787056d5c382b5169a509)] -> id: react-unity-webgl-canvas-1] displayed = true
2024-04-01 14:18:33.688 [TestNG-PoolService-0] DEBUG utils.AssertionUtils#assertTrue(line:98) - asserting to true = true
2024-04-01 14:18:33.688 [TestNG-PoolService-0] DEBUG utils.SystemUtils#getConfig(line:80) - getting config of = take.screenshot.after.step
2024-04-01 14:18:33.689 [TestNG-PoolService-0] DEBUG utils.SystemUtils#getConfig(line:82) - value = null
2024-04-01 14:18:33.689 [TestNG-PoolService-0] DEBUG stepdefinitions.Hooks#afterScenario(line:54) - executing after scenario hooks!
2024-04-01 14:18:33.689 [TestNG-PoolService-0] DEBUG utils.SystemUtils#createTextFile(line:143) - creating new file with file name = target/failedScenarios.txt
2024-04-01 14:18:33.689 [TestNG-PoolService-0] DEBUG utils.SystemUtils#createTextFile(line:147) - File created: failedScenarios.txt
2024-04-01 14:18:33.690 [TestNG-PoolService-0] DEBUG stepdefinitions.Hooks#afterScenario(line:56) - Scenario status = PASSED
2024-04-01 14:18:33.691 [TestNG-PoolService-0] DEBUG utils.DriverUtils#takeScreenshot(line:147) - taking screenshot!
2024-04-01 14:18:33.691 [TestNG-PoolService-0] DEBUG dto.MainDto#getDriver(line:94) - getting driver = EdgeDriver: MicrosoftEdge on windows (4c2c717cb68787056d5c382b5169a509)
2024-04-01 14:18:33.691 [TestNG-PoolService-0] DEBUG dto.MainDto#getPlatformType(line:52) - getting platform type = WINDOWS
2024-04-01 14:18:33.691 [TestNG-PoolService-0] DEBUG dto.MainDto#getDriver(line:94) - getting driver = EdgeDriver: MicrosoftEdge on windows (4c2c717cb68787056d5c382b5169a509)
2024-04-01 14:18:33.862 [TestNG-PoolService-0] DEBUG dto.MainDto#getScenario(line:32) - getting scenario = Launch Pixel Pals
2024-04-01 14:18:33.862 [TestNG-PoolService-0] DEBUG dto.MainDto#getScenario(line:32) - getting scenario = Launch Pixel Pals
2024-04-01 14:18:33.866 [TestNG-PoolService-0] DEBUG dto.MainDto#teardownDriver(line:104) - quitting driver = EdgeDriver: MicrosoftEdge on windows (4c2c717cb68787056d5c382b5169a509)
2024-04-01 14:18:33.867 [TestNG-PoolService-0] DEBUG utils.SystemUtils#getConfig(line:80) - getting config of = isclose.browser.after.execution
2024-04-01 14:18:33.868 [TestNG-PoolService-0] DEBUG utils.SystemUtils#getConfig(line:82) - value = false
]]></system-out>
    <system-err><![CDATA[Apr 01, 2024 2:18:24 PM org.openqa.selenium.devtools.CdpVersionFinder findNearestMatch
WARNING: Unable to find an exact match for CDP version 123, returning the closest version; found: 120; Please update to a Selenium version that supports CDP version 123
]]></system-err>
  </testcase>
</testsuite>